2026-05-16 20:31:24,014 | INFO | Running experiments: ['wow_04']
2026-05-16 20:31:24,015 | INFO | Running models: ['srm_tlu_cnn']
2026-05-16 20:31:24,015 | INFO | Debug mode: True
2026-05-16 20:31:24,015 | INFO | ================================================================================
2026-05-16 20:31:24,015 | INFO | Starting Experiment: wow_04
2026-05-16 20:31:24,015 | INFO | ================================================================================
2026-05-16 20:31:24,346 | INFO | --------------------------------------------------------------------------------
2026-05-16 20:31:24,346 | INFO | Training: srm_tlu_cnn | wow_04
2026-05-16 20:31:24,346 | INFO | --------------------------------------------------------------------------------
2026-05-16 20:31:36,075 | INFO | Epoch 001 | loss=0.7068 | val_auc=0.5050 | val_acc=0.5000 | val_bal_best=0.5000 | thr=0.050
2026-05-16 20:31:43,653 | INFO | Epoch 002 | loss=0.7037 | val_auc=0.5006 | val_acc=0.5000 | val_bal_best=0.5000 | thr=0.050
2026-05-16 20:31:51,013 | INFO | Epoch 003 | loss=0.6933 | val_auc=0.4981 | val_acc=0.4875 | val_bal_best=0.5000 | thr=0.050
2026-05-16 20:31:58,345 | INFO | Epoch 004 | loss=0.6962 | val_auc=0.4944 | val_acc=0.5000 | val_bal_best=0.5000 | thr=0.050
2026-05-16 20:32:05,934 | INFO | Epoch 005 | loss=0.6962 | val_auc=0.5075 | val_acc=0.5000 | val_bal_best=0.5125 | thr=0.495
2026-05-16 20:32:13,401 | INFO | Epoch 006 | loss=0.6992 | val_auc=0.5106 | val_acc=0.5000 | val_bal_best=0.5125 | thr=0.415
2026-05-16 20:32:40,204 | INFO | Running experiments: ['wow_04']
2026-05-16 20:32:40,204 | INFO | Running models: ['srm_tlu_cnn']
2026-05-16 20:32:40,204 | INFO | Debug mode: True
2026-05-16 20:32:40,204 | INFO | ================================================================================
2026-05-16 20:32:40,204 | INFO | Starting Experiment: wow_04
2026-05-16 20:32:40,204 | INFO | ================================================================================
2026-05-16 20:32:40,348 | INFO | --------------------------------------------------------------------------------
2026-05-16 20:32:40,348 | INFO | Training: srm_tlu_cnn | wow_04
2026-05-16 20:32:40,348 | INFO | --------------------------------------------------------------------------------
2026-05-16 20:32:48,570 | INFO | Epoch 001 | loss=0.7068 | val_auc=0.5050 | val_acc=0.5000 | val_bal_best=0.5000 | thr=0.050
2026-05-16 20:32:56,138 | INFO | Epoch 002 | loss=0.7037 | val_auc=0.5006 | val_acc=0.5000 | val_bal_best=0.5000 | thr=0.050
2026-05-16 20:33:03,700 | INFO | Epoch 003 | loss=0.6933 | val_auc=0.4981 | val_acc=0.4875 | val_bal_best=0.5000 | thr=0.050
2026-05-16 20:33:11,264 | INFO | Epoch 004 | loss=0.6962 | val_auc=0.4944 | val_acc=0.5000 | val_bal_best=0.5000 | thr=0.050
2026-05-16 20:33:18,741 | INFO | Epoch 005 | loss=0.6962 | val_auc=0.5075 | val_acc=0.5000 | val_bal_best=0.5125 | thr=0.495
2026-05-16 20:33:24,621 | INFO | Temperature: 30.1975
2026-05-16 20:33:24,621 | INFO | Best validation threshold: 0.0500 | Best val balanced accuracy: 0.5000
2026-05-16 20:33:25,261 | INFO | Test metrics: {'threshold': 0.05, 'accuracy': 0.5, 'balanced_accuracy': 0.5, 'precision': 0.5, 'recall': 1.0, 'f1': 0.6666666666666666, 'brier': 0.24999773771952052, 'ece': 0.0011408912017941697, 'roc_auc': 0.5057031249999999, 'fpr': np.float64(0.9999999999875), 'fnr': np.float64(0.0), 'loss': 0.6959871828556061}
2026-05-16 20:33:26,219 | INFO | Evaluating robustness...
2026-05-16 20:33:26,893 | INFO | clean           acc: 0.5000 | bal: 0.5000 | auc: 0.5057
2026-05-16 20:33:27,579 | INFO | jpeg_q95        acc: 0.5000 | bal: 0.5000 | auc: 0.5016
2026-05-16 20:33:28,316 | INFO | jpeg_q85        acc: 0.5000 | bal: 0.5000 | auc: 0.5008
2026-05-16 20:33:28,983 | INFO | jpeg_q75        acc: 0.5000 | bal: 0.5000 | auc: 0.5000
2026-05-16 20:33:29,636 | INFO | jpeg_q50        acc: 0.5000 | bal: 0.5000 | auc: 0.5002
2026-05-16 20:33:30,278 | INFO | resize_down_up  acc: 0.5000 | bal: 0.5000 | auc: 0.4997
2026-05-16 20:33:30,921 | INFO | gaussian_blur   acc: 0.5000 | bal: 0.5000 | auc: 0.5009
2026-05-16 20:33:31,639 | INFO | gaussian_noise  acc: 0.5000 | bal: 0.5000 | auc: 0.4985
2026-05-16 20:33:31,644 | INFO | Experiment finished successfully.
2026-05-16 20:36:05,655 | INFO | Running experiments: ['wow_04']
2026-05-16 20:36:05,656 | INFO | Running models: ['srm_tlu_cnn']
2026-05-16 20:36:05,656 | INFO | Debug mode: False
2026-05-16 20:36:05,656 | INFO | ================================================================================
2026-05-16 20:36:05,656 | INFO | Starting Experiment: wow_04
2026-05-16 20:36:05,656 | INFO | ================================================================================
2026-05-16 20:36:05,800 | INFO | --------------------------------------------------------------------------------
2026-05-16 20:36:05,801 | INFO | Training: srm_tlu_cnn | wow_04
2026-05-16 20:36:05,801 | INFO | --------------------------------------------------------------------------------
2026-05-16 20:37:55,820 | INFO | Epoch 001 | loss=0.6965 | val_auc=0.5004 | val_acc=0.5000 | val_bal_best=0.5005 | thr=0.490
2026-05-16 20:39:44,548 | INFO | Epoch 002 | loss=0.6937 | val_auc=0.5008 | val_acc=0.5000 | val_bal_best=0.5005 | thr=0.505
2026-05-16 20:41:37,956 | INFO | Epoch 003 | loss=0.6935 | val_auc=0.4997 | val_acc=0.5005 | val_bal_best=0.5005 | thr=0.500
2026-05-16 20:43:42,980 | INFO | Epoch 004 | loss=0.6934 | val_auc=0.4982 | val_acc=0.5000 | val_bal_best=0.5000 | thr=0.050
2026-05-16 20:45:47,671 | INFO | Epoch 005 | loss=0.6936 | val_auc=0.4996 | val_acc=0.5000 | val_bal_best=0.5000 | thr=0.050
2026-05-16 20:46:03,889 | INFO | Temperature: 1.0002
2026-05-16 20:46:03,889 | INFO | Best validation threshold: 0.5050 | Best val balanced accuracy: 0.5005
2026-05-16 20:46:48,603 | INFO | Test metrics: {'threshold': 0.5049999999999999, 'accuracy': 0.4998, 'balanced_accuracy': 0.4998, 'precision': 0.4998585972850679, 'recall': 0.707, 'f1': 0.5856527501656726, 'brier': 0.2501523050361958, 'ece': 0.01105759230256087, 'roc_auc': 0.5006643199999999, 'fpr': np.float64(0.7073999999998585), 'fnr': np.float64(0.29299999999994136), 'loss': 0.6934520353317261}
2026-05-16 20:46:48,801 | INFO | Evaluating robustness...
2026-05-16 20:47:29,965 | INFO | clean           acc: 0.4998 | bal: 0.4998 | auc: 0.5007
2026-05-16 20:48:13,571 | INFO | jpeg_q95        acc: 0.5005 | bal: 0.5005 | auc: 0.5004
2026-05-16 20:48:57,058 | INFO | jpeg_q85        acc: 0.5002 | bal: 0.5002 | auc: 0.5002
2026-05-16 20:49:39,651 | INFO | jpeg_q75        acc: 0.5001 | bal: 0.5001 | auc: 0.5002
2026-05-16 20:50:22,593 | INFO | jpeg_q50        acc: 0.5001 | bal: 0.5001 | auc: 0.5002
2026-05-16 20:51:08,115 | INFO | resize_down_up  acc: 0.5002 | bal: 0.5002 | auc: 0.5000
2026-05-16 20:51:53,621 | INFO | gaussian_blur   acc: 0.5000 | bal: 0.5000 | auc: 0.5000
2026-05-16 20:52:39,373 | INFO | gaussian_noise  acc: 0.5000 | bal: 0.5000 | auc: 0.5004
2026-05-16 20:52:39,375 | INFO | Experiment finished successfully.
2026-05-16 20:53:56,789 | INFO | Running experiments: ['wow_04']
2026-05-16 20:53:56,789 | INFO | Running models: ['proposed_resattn_tlu']
2026-05-16 20:53:56,789 | INFO | Debug mode: False
2026-05-16 20:53:56,789 | INFO | ================================================================================
2026-05-16 20:53:56,789 | INFO | Starting Experiment: wow_04
2026-05-16 20:53:56,789 | INFO | ================================================================================
2026-05-16 20:53:56,967 | INFO | --------------------------------------------------------------------------------
2026-05-16 20:53:56,967 | INFO | Training: proposed_resattn_tlu | wow_04
2026-05-16 20:53:56,967 | INFO | --------------------------------------------------------------------------------
2026-05-16 20:58:49,989 | INFO | Epoch 001 | loss=0.6950 | val_auc=0.4989 | val_acc=0.5000 | val_bal_best=0.5005 | thr=0.490
2026-05-16 21:03:58,504 | INFO | Epoch 002 | loss=0.6934 | val_auc=0.5008 | val_acc=0.5000 | val_bal_best=0.5005 | thr=0.515
2026-05-16 21:09:13,131 | INFO | Epoch 003 | loss=0.6937 | val_auc=0.5009 | val_acc=0.4995 | val_bal_best=0.5000 | thr=0.050
2026-05-16 21:14:35,219 | INFO | Epoch 004 | loss=0.6933 | val_auc=0.4997 | val_acc=0.5000 | val_bal_best=0.5000 | thr=0.050
2026-05-16 21:20:50,284 | INFO | Epoch 005 | loss=0.6933 | val_auc=0.5002 | val_acc=0.5000 | val_bal_best=0.5000 | thr=0.050
2026-05-16 21:26:46,547 | INFO | Epoch 006 | loss=0.6933 | val_auc=0.5003 | val_acc=0.5000 | val_bal_best=0.5000 | thr=0.050
2026-05-16 21:32:58,723 | INFO | Epoch 007 | loss=0.6934 | val_auc=0.5002 | val_acc=0.5000 | val_bal_best=0.5000 | thr=0.050
2026-05-16 21:39:40,511 | INFO | Epoch 008 | loss=0.6933 | val_auc=0.4999 | val_acc=0.5000 | val_bal_best=0.5000 | thr=0.050
2026-05-16 21:45:52,408 | INFO | Epoch 009 | loss=0.6933 | val_auc=0.5000 | val_acc=0.5000 | val_bal_best=0.5000 | thr=0.050
2026-05-16 21:52:43,565 | INFO | Epoch 010 | loss=0.6934 | val_auc=0.4999 | val_acc=0.5000 | val_bal_best=0.5000 | thr=0.050
2026-05-16 21:59:01,761 | INFO | Epoch 011 | loss=0.6934 | val_auc=0.4998 | val_acc=0.5000 | val_bal_best=0.5000 | thr=0.050
2026-05-16 22:05:16,224 | INFO | Epoch 012 | loss=0.6933 | val_auc=0.4999 | val_acc=0.5000 | val_bal_best=0.5000 | thr=0.050
2026-05-16 22:11:32,971 | INFO | Epoch 013 | loss=0.6933 | val_auc=0.5002 | val_acc=0.5000 | val_bal_best=0.5000 | thr=0.050
2026-05-16 22:17:55,789 | INFO | Epoch 014 | loss=0.6934 | val_auc=0.4995 | val_acc=0.5000 | val_bal_best=0.5000 | thr=0.050
2026-05-16 22:24:26,979 | INFO | Epoch 015 | loss=0.6933 | val_auc=0.4995 | val_acc=0.5000 | val_bal_best=0.5000 | thr=0.050
2026-05-16 22:30:54,125 | INFO | Epoch 016 | loss=0.6932 | val_auc=0.4995 | val_acc=0.5000 | val_bal_best=0.5000 | thr=0.050
2026-05-16 22:37:22,702 | INFO | Epoch 017 | loss=0.6934 | val_auc=0.4997 | val_acc=0.5000 | val_bal_best=0.5000 | thr=0.050
2026-05-16 22:43:48,294 | INFO | Epoch 018 | loss=0.6933 | val_auc=0.5000 | val_acc=0.5000 | val_bal_best=0.5000 | thr=0.050
2026-05-16 22:50:11,984 | INFO | Epoch 019 | loss=0.6932 | val_auc=0.5000 | val_acc=0.5000 | val_bal_best=0.5000 | thr=0.050
2026-05-16 22:56:35,301 | INFO | Epoch 020 | loss=0.6934 | val_auc=0.5008 | val_acc=0.5000 | val_bal_best=0.5000 | thr=0.050
2026-05-16 23:02:39,098 | INFO | Epoch 021 | loss=0.6933 | val_auc=0.5001 | val_acc=0.5000 | val_bal_best=0.5000 | thr=0.050
2026-05-16 23:09:28,944 | INFO | Epoch 022 | loss=0.6932 | val_auc=0.5005 | val_acc=0.5000 | val_bal_best=0.5000 | thr=0.050
2026-05-16 23:16:44,516 | INFO | Epoch 023 | loss=0.6933 | val_auc=0.5006 | val_acc=0.5000 | val_bal_best=0.5000 | thr=0.050
2026-05-16 23:16:44,517 | INFO | Early stopping at epoch 23. Best epoch: 3, best AUC=0.5009
2026-05-16 23:17:42,092 | INFO | Temperature: 1.0000
2026-05-16 23:17:42,093 | INFO | Best validation threshold: 0.0500 | Best val balanced accuracy: 0.5000
2026-05-16 23:20:09,333 | INFO | Test metrics: {'threshold': 0.05, 'accuracy': 0.5, 'balanced_accuracy': 0.5, 'precision': 0.5, 'recall': 1.0, 'f1': 0.6666666666666666, 'brier': 0.2500015402233079, 'ece': 0.0007375750601291697, 'roc_auc': 0.50070582, 'fpr': np.float64(0.9999999999997999), 'fnr': np.float64(0.0), 'loss': 0.6931502325057983}
2026-05-16 23:20:09,626 | INFO | Evaluating robustness...
2026-05-16 23:22:37,239 | INFO | clean           acc: 0.5000 | bal: 0.5000 | auc: 0.5007
2026-05-16 23:25:07,879 | INFO | jpeg_q95        acc: 0.5000 | bal: 0.5000 | auc: 0.5005
2026-05-16 23:27:40,932 | INFO | jpeg_q85        acc: 0.5000 | bal: 0.5000 | auc: 0.5002
2026-05-16 23:30:11,342 | INFO | jpeg_q75        acc: 0.5000 | bal: 0.5000 | auc: 0.5002
2026-05-16 23:32:41,230 | INFO | jpeg_q50        acc: 0.5000 | bal: 0.5000 | auc: 0.5001
2026-05-16 23:35:13,238 | INFO | resize_down_up  acc: 0.5000 | bal: 0.5000 | auc: 0.5000
2026-05-16 23:37:44,444 | INFO | gaussian_blur   acc: 0.5000 | bal: 0.5000 | auc: 0.5001
2026-05-16 23:39:41,926 | INFO | gaussian_noise  acc: 0.5000 | bal: 0.5000 | auc: 0.5002
2026-05-16 23:39:41,931 | INFO | Experiment finished successfully.
2026-05-16 23:42:52,324 | INFO | Running experiments: ['wow_04']
2026-05-16 23:42:52,324 | INFO | Running models: ['proposed_resattn_tlu']
2026-05-16 23:42:52,324 | INFO | Debug mode: False
2026-05-16 23:42:52,324 | INFO | ================================================================================
2026-05-16 23:42:52,324 | INFO | Starting Experiment: wow_04
2026-05-16 23:42:52,324 | INFO | ================================================================================
2026-05-16 23:42:52,715 | INFO | --------------------------------------------------------------------------------
2026-05-16 23:42:52,715 | INFO | Training: proposed_resattn_tlu | wow_04
2026-05-16 23:42:52,715 | INFO | --------------------------------------------------------------------------------
2026-05-17 05:34:20,980 | INFO | Epoch 001 | loss=0.3731 | val_auc=0.9010 | val_acc=0.8105 | val_bal_best=0.8330 | thr=0.765 | lr=1.00e-03
2026-05-17 16:10:00,968 | INFO | Epoch 002 | loss=0.2837 | val_auc=0.9395 | val_acc=0.8355 | val_bal_best=0.8765 | thr=0.760 | lr=1.00e-03
2026-05-17 16:37:44,199 | INFO | Epoch 003 | loss=0.2557 | val_auc=0.9737 | val_acc=0.9120 | val_bal_best=0.9220 | thr=0.555 | lr=1.00e-03
2026-05-18 10:16:46,959 | INFO | Epoch 004 | loss=0.2229 | val_auc=0.9692 | val_acc=0.9165 | val_bal_best=0.9295 | thr=0.305 | lr=1.00e-03
2026-05-18 12:31:21,237 | INFO | Epoch 005 | loss=0.2172 | val_auc=0.9829 | val_acc=0.9335 | val_bal_best=0.9375 | thr=0.555 | lr=1.00e-03
2026-05-18 12:32:47,382 | INFO | Running experiments: ['wow_04']
2026-05-18 12:32:47,383 | INFO | Running models: ['proposed_resattn_tlu']
2026-05-18 12:32:47,383 | INFO | Debug mode: False
2026-05-18 12:32:47,383 | INFO | ================================================================================
2026-05-18 12:32:47,383 | INFO | Starting Experiment: wow_04
2026-05-18 12:32:47,383 | INFO | ================================================================================
2026-05-18 12:32:47,700 | INFO | --------------------------------------------------------------------------------
2026-05-18 12:32:47,700 | INFO | Training: proposed_resattn_tlu | wow_04
2026-05-18 12:32:47,700 | INFO | --------------------------------------------------------------------------------
2026-05-18 12:37:44,285 | INFO | Epoch 001 | loss=0.3731 | val_auc=0.9010 | val_acc=0.8105 | val_bal_best=0.8330 | thr=0.765 | lr=1.00e-03
2026-05-18 12:43:18,866 | INFO | Epoch 002 | loss=0.2837 | val_auc=0.9395 | val_acc=0.8355 | val_bal_best=0.8765 | thr=0.760 | lr=1.00e-03
2026-05-18 12:48:50,846 | INFO | Epoch 003 | loss=0.2557 | val_auc=0.9737 | val_acc=0.9120 | val_bal_best=0.9220 | thr=0.555 | lr=1.00e-03
2026-05-18 12:49:33,955 | INFO | Temperature: 0.8746
2026-05-18 12:49:33,955 | INFO | Best validation threshold: 0.5600 | Best val balanced accuracy: 0.9220
2026-05-18 12:51:24,553 | INFO | Test metrics: {'threshold': 0.5599999999999999, 'accuracy': 0.914, 'balanced_accuracy': 0.9139999999999999, 'precision': 0.8580076098235905, 'recall': 0.9922, 'f1': 0.9202374327583008, 'brier': 0.06100201825605285, 'ece': 0.02188029227193558, 'roc_auc': 0.9758014400000001, 'fpr': np.float64(0.16419999999996715), 'fnr': np.float64(0.007799999999998439), 'loss': 0.19608962057828902}
2026-05-18 12:51:24,753 | INFO | Evaluating robustness...
2026-05-18 12:53:15,552 | INFO | clean           acc: 0.9140 | bal: 0.9140 | auc: 0.9758
2026-05-18 12:55:08,887 | INFO | jpeg_q95        acc: 0.5029 | bal: 0.5029 | auc: 0.6609
2026-05-18 12:57:01,851 | INFO | jpeg_q85        acc: 0.4999 | bal: 0.4999 | auc: 0.5157
2026-05-18 12:58:53,731 | INFO | jpeg_q75        acc: 0.5004 | bal: 0.5004 | auc: 0.5070
2026-05-18 13:00:45,928 | INFO | jpeg_q50        acc: 0.4999 | bal: 0.4999 | auc: 0.5015
2026-05-18 13:02:40,018 | INFO | resize_down_up  acc: 0.5001 | bal: 0.5001 | auc: 0.5480
2026-05-18 13:04:34,074 | INFO | gaussian_blur   acc: 0.8842 | bal: 0.8842 | auc: 0.9508
2026-05-18 13:06:27,268 | INFO | gaussian_noise  acc: 0.5003 | bal: 0.5003 | auc: 0.5010
2026-05-18 13:06:27,272 | INFO | Experiment finished successfully.
